2026-04-14 10:09:13,925 | INFO | Best params: {'learning_rate': 0.1, 'max_depth': 5, 'n_estimators': 100}
2026-04-14 10:09:13,926 | INFO | Best CV score: 0.9538
2026-04-14 10:09:13,942 | INFO | Validation Accuracy: 0.9516
2026-04-14 10:09:13,942 | INFO | Classification Report:
2026-04-14 10:09:13,949 | INFO | 
              precision    recall  f1-score   support

           0       0.94      0.94      0.94       472
           1       0.94      0.96      0.95       471
           2       0.97      0.96      0.96       477
           3       0.96      0.94      0.95       460

    accuracy                           0.95      1880
   macro avg       0.95      0.95      0.95      1880
weighted avg       0.95      0.95      0.95      1880

2026-04-14 10:29:39,285 | INFO | Best params: {'learning_rate': 0.1, 'max_depth': 5, 'n_estimators': 100}
2026-04-14 10:29:39,285 | INFO | Best CV score: 0.9538
2026-04-14 10:29:39,304 | INFO | Validation Accuracy: 0.9516
2026-04-14 10:29:39,304 | INFO | Classification Report:
2026-04-14 10:29:39,311 | INFO | 
              precision    recall  f1-score   support

           0       0.94      0.94      0.94       472
           1       0.94      0.96      0.95       471
           2       0.97      0.96      0.96       477
           3       0.96      0.94      0.95       460

    accuracy                           0.95      1880
   macro avg       0.95      0.95      0.95      1880
weighted avg       0.95      0.95      0.95      1880

2026-04-14 10:29:39,338 | INFO | Model saved at: src/results/models/gradient_boosting/gradient_boosting.pkl
2026-04-14 22:16:45,607 | INFO | Best params: {'learning_rate': 0.1, 'max_depth': 5, 'n_estimators': 100}
2026-04-14 22:16:45,609 | INFO | Best CV score: 0.9538
2026-04-14 22:16:45,639 | INFO | Validation Accuracy: 0.9516
2026-04-14 22:16:45,640 | INFO | Classification Report:
2026-04-14 22:16:45,651 | INFO | 
              precision    recall  f1-score   support

           0       0.94      0.94      0.94       472
           1       0.94      0.96      0.95       471
           2       0.97      0.96      0.96       477
           3       0.96      0.94      0.95       460

    accuracy                           0.95      1880
   macro avg       0.95      0.95      0.95      1880
weighted avg       0.95      0.95      0.95      1880

2026-04-14 22:16:45,678 | INFO | Model saved at: src/results/models/gradient_boosting/gradient_boosting.pkl
