2026-04-14 10:33:18,690 | INFO | Stacking model trained
2026-04-14 10:33:18,692 | INFO | Validation Accuracy: 0.9505
2026-04-14 10:33:18,692 | INFO | Classification Report:
2026-04-14 10:33:18,697 | INFO | 
              precision    recall  f1-score   support

           0       0.93      0.95      0.94       472
           1       0.96      0.96      0.96       471
           2       0.95      0.95      0.95       477
           3       0.96      0.94      0.95       460

    accuracy                           0.95      1880
   macro avg       0.95      0.95      0.95      1880
weighted avg       0.95      0.95      0.95      1880

2026-04-14 10:34:39,958 | INFO | Stacking model trained
2026-04-14 10:34:39,960 | INFO | Validation Accuracy: 0.9500
2026-04-14 10:34:39,960 | INFO | Classification Report:
2026-04-14 10:34:39,966 | INFO | 
              precision    recall  f1-score   support

           0       0.93      0.95      0.94       472
           1       0.96      0.96      0.96       471
           2       0.95      0.95      0.95       477
           3       0.96      0.94      0.95       460

    accuracy                           0.95      1880
   macro avg       0.95      0.95      0.95      1880
weighted avg       0.95      0.95      0.95      1880

